{"C:\\Users\\SoC2\\Code\\task_11\\week11.js": {"path":"C:\\Users\\SoC2\\Code\\task_11\\week11.js","statementMap":{"0":{"start":{"line":21,"column":2},"end":{"line":21,"column":12}},"1":{"start":{"line":24,"column":0},"end":{"line":24,"column":26}}},"fnMap":{"0":{"name":"solution","decl":{"start":{"line":20,"column":9},"end":{"line":20,"column":17}},"loc":{"start":{"line":20,"column":22},"end":{"line":22,"column":1}},"line":20}},"branchMap":{},"s":{"0":1,"1":1},"f":{"0":1},"b":{},"_coverageSchema":"332fd63041d2c1bcb487cc26dd0d5f7d97098a6c","hash":"b1d5c137a65c8bb4cc30746ef2043a6ec7ec67ad"}
}
